Build started 2016/3/21 19:58:54.
     1>Project "D:\Gits\designMode\Factory\Factory\Factory.vcxproj" on node 2 (Build target(s)).
     1>PrepareForBuild:
         Creating directory "D:\Gits\designMode\Factory\Debug\".
         Creating directory "Debug\Factory.tlog\".
       InitializeBuildStatus:
         Creating "Debug\Factory.tlog\unsuccessfulbuild" because "AlwaysCreate" was specified.
       ClCompile:
         E:\vs2013\VC\bin\CL.exe /c /I"F:\公司\Visual Leak Detector\include" /ZI /nologo /W3 /WX- /sdl /Od /Oy- /D _MBCS /Gm /EHsc /RTC1 /MDd /GS /fp:precise /Zc:wchar_t /Zc:forScope /Fo"Debug\\" /Fd"Debug\vc120.pdb" /Gd /TP /analyze- /errorReport:prompt Factory.cpp main.cpp Product.cpp
         Product.cpp
         main.cpp
         Factory.cpp
         Generating Code...
       Link:
         E:\vs2013\VC\bin\link.exe /ERRORREPORT:PROMPT /OUT:"D:\Gits\designMode\Factory\Debug\Factory.exe" /INCREMENTAL /NOLOGO /LIBPATH:"F:\公司\Visual Leak Detector\lib\Win32" kernel32.lib user32.lib gdi32.lib winspool.lib comdlg32.lib advapi32.lib shell32.lib ole32.lib oleaut32.lib uuid.lib odbc32.lib odbccp32.lib /MANIFEST /MANIFESTUAC:"level='asInvoker' uiAccess='false'" /manifest:embed /DEBUG /PDB:"D:\Gits\designMode\Factory\Debug\Factory.pdb" /TLBID:1 /DYNAMICBASE /NXCOMPAT /IMPLIB:"D:\Gits\designMode\Factory\Debug\Factory.lib" /MACHINE:X86 Debug\Factory.obj
         Debug\main.obj
         Debug\Product.obj
         Factory.vcxproj -> D:\Gits\designMode\Factory\Debug\Factory.exe
       FinalizeBuildStatus:
         Deleting file "Debug\Factory.tlog\unsuccessfulbuild".
         Touching "Debug\Factory.tlog\Factory.lastbuildstate".
     1>Done Building Project "D:\Gits\designMode\Factory\Factory\Factory.vcxproj" (Build target(s)).

Build succeeded.

Time Elapsed 00:00:06.04
