Build started 2016/3/24 20:34:38.
     1>Project "D:\Gits\designMode\Facade\Facade\Facade.vcxproj" on node 2 (Build target(s)).
     1>PrepareForBuild:
         Creating directory "D:\Gits\designMode\Facade\Debug\".
         Creating directory "Debug\Facade.tlog\".
       InitializeBuildStatus:
         Creating "Debug\Facade.tlog\unsuccessfulbuild" because "AlwaysCreate" was specified.
       ClCompile:
         E:\vs2013\VC\bin\CL.exe /c /I"F:\公司\Visual Leak Detector\include" /ZI /nologo /W3 /WX- /sdl /Od /Oy- /D _MBCS /Gm /EHsc /RTC1 /MDd /GS /fp:precise /Zc:wchar_t /Zc:forScope /Fo"Debug\\" /Fd"Debug\vc120.pdb" /Gd /TP /analyze- /errorReport:prompt Facade.cpp main.cpp
         main.cpp
         Facade.cpp
         Generating Code...
       Link:
         E:\vs2013\VC\bin\link.exe /ERRORREPORT:PROMPT /OUT:"D:\Gits\designMode\Facade\Debug\Facade.exe" /INCREMENTAL /NOLOGO /LIBPATH:"F:\公司\Visual Leak Detector\lib\Win32" kernel32.lib user32.lib gdi32.lib winspool.lib comdlg32.lib advapi32.lib shell32.lib ole32.lib oleaut32.lib uuid.lib odbc32.lib odbccp32.lib /MANIFEST /MANIFESTUAC:"level='asInvoker' uiAccess='false'" /manifest:embed /DEBUG /PDB:"D:\Gits\designMode\Facade\Debug\Facade.pdb" /TLBID:1 /DYNAMICBASE /NXCOMPAT /IMPLIB:"D:\Gits\designMode\Facade\Debug\Facade.lib" /MACHINE:X86 Debug\Facade.obj
         Debug\main.obj
         Facade.vcxproj -> D:\Gits\designMode\Facade\Debug\Facade.exe
       FinalizeBuildStatus:
         Deleting file "Debug\Facade.tlog\unsuccessfulbuild".
         Touching "Debug\Facade.tlog\Facade.lastbuildstate".
     1>Done Building Project "D:\Gits\designMode\Facade\Facade\Facade.vcxproj" (Build target(s)).

Build succeeded.

Time Elapsed 00:00:01.80
