Build started 2016/3/22 22:13:05.
     1>Project "D:\Gits\designMode\Adapter\Adapter\Adapter.vcxproj" on node 2 (Build target(s)).
     1>InitializeBuildStatus:
         Touching "Debug\Adapter.tlog\unsuccessfulbuild".
       ClCompile:
         E:\vs2013\VC\bin\CL.exe /c /I"F:\公司\Visual Leak Detector\include" /ZI /nologo /W3 /WX- /sdl /Od /Oy- /D _MBCS /Gm /EHsc /RTC1 /MDd /GS /fp:precise /Zc:wchar_t /Zc:forScope /Fo"Debug\\" /Fd"Debug\vc120.pdb" /Gd /TP /analyze- /errorReport:prompt AdapterTwo.cpp main.cpp
         main.cpp
         AdapterTwo.cpp
         Generating Code...
       Link:
         E:\vs2013\VC\bin\link.exe /ERRORREPORT:PROMPT /OUT:"D:\Gits\designMode\Adapter\Debug\Adapter.exe" /INCREMENTAL /NOLOGO /LIBPATH:"F:\公司\Visual Leak Detector\lib\Win32" kernel32.lib user32.lib gdi32.lib winspool.lib comdlg32.lib advapi32.lib shell32.lib ole32.lib oleaut32.lib uuid.lib odbc32.lib odbccp32.lib /MANIFEST /MANIFESTUAC:"level='asInvoker' uiAccess='false'" /manifest:embed /DEBUG /PDB:"D:\Gits\designMode\Adapter\Debug\Adapter.pdb" /TLBID:1 /DYNAMICBASE /NXCOMPAT /IMPLIB:"D:\Gits\designMode\Adapter\Debug\Adapter.lib" /MACHINE:X86 Debug\Adapter.obj
         Debug\AdapterTwo.obj
         Debug\main.obj
         Adapter.vcxproj -> D:\Gits\designMode\Adapter\Debug\Adapter.exe
       FinalizeBuildStatus:
         Deleting file "Debug\Adapter.tlog\unsuccessfulbuild".
         Touching "Debug\Adapter.tlog\Adapter.lastbuildstate".
     1>Done Building Project "D:\Gits\designMode\Adapter\Adapter\Adapter.vcxproj" (Build target(s)).

Build succeeded.

Time Elapsed 00:00:00.87
